2022-11-20 08:35:00,639 WARN com.zaxxer.hikari.pool.HikariPool [HikariPool-3 housekeeper] HikariPool-3 - Retrograde clock change detected (housekeeper delta=28s26ms), soft-evicting connections from pool.
2022-11-20 08:36:30,731 WARN com.zaxxer.hikari.pool.HikariPool [HikariPool-3 housekeeper] HikariPool-3 - Retrograde clock change detected (housekeeper delta=28s36ms), soft-evicting connections from pool.
2022-11-20 08:50:43,004 WARN com.zaxxer.hikari.pool.HikariPool [HikariPool-3 housekeeper] HikariPool-3 - Thread starvation or clock leap detected (housekeeper delta=13m40s295ms).
2022-11-20 09:28:06,077 WARN com.zaxxer.hikari.pool.HikariPool [HikariPool-3 housekeeper] HikariPool-3 - Thread starvation or clock leap detected (housekeeper delta=30m23s18ms).
2022-11-20 10:07:26,604 WARN com.zaxxer.hikari.pool.HikariPool [HikariPool-3 housekeeper] HikariPool-3 - Thread starvation or clock leap detected (housekeeper delta=1m19s989ms).
2022-11-20 10:30:34,942 WARN com.zaxxer.hikari.pool.HikariPool [HikariPool-3 housekeeper] HikariPool-3 - Thread starvation or clock leap detected (housekeeper delta=1m38s55ms).
2022-11-20 11:31:53,783 INFO org.apache.catalina.core.StandardService [Thread-11] Stopping service [Tomcat]
2022-11-20 11:31:53,785 INFO org.apache.catalina.core.ContainerBase.[Tomcat].[localhost].[/] [Thread-11] Destroying Spring FrameworkServlet 'dispatcherServlet'
2022-11-20 11:31:53,814 INFO com.zaxxer.hikari.HikariDataSource [Thread-11] HikariPool-3 - Shutdown initiated...
2022-11-20 11:31:53,847 INFO com.zaxxer.hikari.HikariDataSource [Thread-11] HikariPool-3 - Shutdown completed.
2022-11-20 11:31:54,374 INFO com.java.crud.example.DemoApplication [restartedMain] Starting DemoApplication using Java 17.0.4.1 on Pramods-MacBook-Pro.local with PID 739 (/Users/pramod/Documents/Project Workspace/demoProject/com.appservice/demo/target/classes started by pramod in /Users/pramod/Documents/Project Workspace/demoProject)
2022-11-20 11:31:54,375 INFO com.java.crud.example.DemoApplication [restartedMain] No active profile set, falling back to 1 default profile: "default"
2022-11-20 11:31:55,018 INFO org.apache.catalina.core.StandardService [restartedMain] Starting service [Tomcat]
2022-11-20 11:31:55,018 INFO org.apache.catalina.core.StandardEngine [restartedMain] Starting Servlet engine: [Apache Tomcat/9.0.68]
2022-11-20 11:31:55,034 INFO org.apache.catalina.core.ContainerBase.[Tomcat].[localhost].[/] [restartedMain] Initializing Spring embedded WebApplicationContext
2022-11-20 11:31:55,180 INFO org.hibernate.jpa.internal.util.LogHelper [restartedMain] HHH000204: Processing PersistenceUnitInfo [name: default]
2022-11-20 11:31:55,203 INFO com.zaxxer.hikari.HikariDataSource [restartedMain] HikariPool-4 - Starting...
2022-11-20 11:31:55,217 INFO com.zaxxer.hikari.HikariDataSource [restartedMain] HikariPool-4 - Start completed.
2022-11-20 11:31:55,221 INFO org.hibernate.dialect.Dialect [restartedMain] HHH000400: Using dialect: org.hibernate.dialect.MySQL5Dialect
2022-11-20 11:31:55,325 INFO org.hibernate.engine.transaction.jta.platform.internal.JtaPlatformInitiator [restartedMain] HHH000490: Using JtaPlatform implementation: [org.hibernate.engine.transaction.jta.platform.internal.NoJtaPlatform]
2022-11-20 11:31:55,707 INFO com.java.crud.example.DemoApplication [restartedMain] Started DemoApplication in 1.533 seconds (JVM running for 84649.931)
2022-11-20 13:36:43,453 WARN com.zaxxer.hikari.pool.HikariPool [HikariPool-4 housekeeper] HikariPool-4 - Thread starvation or clock leap detected (housekeeper delta=17m17s67ms).
2022-11-20 15:00:37,820 INFO org.apache.catalina.core.ContainerBase.[Tomcat].[localhost].[/] [http-nio-3001-exec-1] Initializing Spring DispatcherServlet 'dispatcherServlet'
